<?xml version="1.0" encoding="UTF-8"?>
<!-- Generated by org.testng.reporters.JUnitReportReporter -->
<testsuite hostname="madhusudhan" failures="0" tests="2" name="TestPackage.Testing" time="0.008" errors="0" timestamp="2023-03-29T08:38:04 IST" skipped="0">
  <testcase classname="TestPackage.Testing" name="Demo2" time="0.007"/>
  <system-out/>
  <testcase classname="TestPackage.Testing" name="Demo2" time="0.001"/>
  <system-out/>
</testsuite> <!-- TestPackage.Testing -->
