<?xml version="1.0" encoding="UTF-8"?>
<!-- Generated by org.testng.reporters.JUnitReportReporter -->
<testsuite hostname="madhusudhan" failures="0" tests="1" name="TestPackage.Testing2" time="0.005" errors="0" timestamp="2023-03-29T08:48:51 IST" skipped="0">
  <testcase classname="TestPackage.Testing2" name="Demo2" time="0.005"/>
  <system-out/>
</testsuite> <!-- TestPackage.Testing2 -->
